<?xml version="1.0" encoding="UTF-8"?>
<!-- Generated by org.testng.reporters.JUnitReportReporter -->
<testsuite hostname="DESKTOP-OECDEAJ" failures="0" tests="1" name="RahulAcademy.E2EProject.WomenslinkPageTest" time="19.733" errors="0" timestamp="2021-04-02T07:53:36 EDT" skipped="0">
  <testcase classname="RahulAcademy.E2EProject.WomenslinkPageTest" name="kurtaSet" time="19.733"/>
  <system-out/>
</testsuite> <!-- RahulAcademy.E2EProject.WomenslinkPageTest -->
